<?xml version="1.0" encoding="UTF-8"?>
<!-- Generated by org.testng.reporters.JUnitXMLReporter -->
<testsuite hostname="DESKTOP-OH029D6" ignored="3" name="Default test" tests="1" failures="0" timestamp="18 Aug 2019 08:54:11 GMT" time="133.401" errors="0">
  <testcase name="testOne" time="4.991" classname="Test.Calculation"/>
  <testcase name="@BeforeSuite reportSetup" time="0.0" classname="Common.BaseClass">
    <ignored/>
  </testcase> <!-- @BeforeSuite reportSetup -->
  <testcase name="@BeforeTest setup" time="0.0" classname="Common.BaseClass">
    <ignored/>
  </testcase> <!-- @BeforeTest setup -->
  <testcase name="@AfterSuite tearDown" time="0.0" classname="Common.BaseClass">
    <ignored/>
  </testcase> <!-- @AfterSuite tearDown -->
</testsuite> <!-- Default test -->
